  transition.cpp
g:\program files (x86)\microsoft visual studio\source\calculator\calculator\transition.cpp(169): warning C4244: “参数”: 从“_Ty”转换到“char”，可能丢失数据
          with
          [
              _Ty=double
          ]
g:\program files (x86)\microsoft visual studio\source\calculator\calculator\transition.cpp(177): warning C4244: “参数”: 从“_Ty”转换到“char”，可能丢失数据
          with
          [
              _Ty=double
          ]
g:\program files (x86)\microsoft visual studio\source\calculator\calculator\transition.cpp(179): warning C4244: “参数”: 从“_Ty”转换到“char”，可能丢失数据
          with
          [
              _Ty=double
          ]
g:\program files (x86)\microsoft visual studio\source\calculator\calculator\transition.cpp(181): warning C4244: “=”: 从“_Ty”转换到“char”，可能丢失数据
          with
          [
              _Ty=double
          ]
g:\program files (x86)\microsoft visual studio\source\calculator\calculator\transition.cpp(184): warning C4244: “初始化”: 从“_Ty”转换到“int”，可能丢失数据
          with
          [
              _Ty=double
          ]
g:\program files (x86)\microsoft visual studio\source\calculator\calculator\transition.cpp(187): warning C4244: “初始化”: 从“_Ty”转换到“int”，可能丢失数据
          with
          [
              _Ty=double
          ]
g:\program files (x86)\microsoft visual studio\source\calculator\calculator\transition.cpp(225): warning C4244: “参数”: 从“_Ty”转换到“char”，可能丢失数据
          with
          [
              _Ty=double
          ]
g:\program files (x86)\microsoft visual studio\source\calculator\calculator\transition.cpp(239): warning C4244: “=”: 从“_Ty”转换到“char”，可能丢失数据
          with
          [
              _Ty=double
          ]
g:\program files (x86)\microsoft visual studio\source\calculator\calculator\transition.cpp(242): warning C4244: “初始化”: 从“_Ty”转换到“int”，可能丢失数据
          with
          [
              _Ty=double
          ]
g:\program files (x86)\microsoft visual studio\source\calculator\calculator\transition.cpp(245): warning C4244: “初始化”: 从“_Ty”转换到“int”，可能丢失数据
          with
          [
              _Ty=double
          ]
g:\program files (x86)\microsoft visual studio\source\calculator\calculator\transition.cpp(133): warning C4101: “temp”: 未引用的局部变量
g:\program files (x86)\microsoft visual studio\source\calculator\calculator\transition.cpp(292): warning C4244: “初始化”: 从“_Ty”转换到“int”，可能丢失数据
          with
          [
              _Ty=double
          ]
g:\program files (x86)\microsoft visual studio\source\calculator\calculator\transition.cpp(295): warning C4244: “初始化”: 从“_Ty”转换到“int”，可能丢失数据
          with
          [
              _Ty=double
          ]
  Calculator.vcxproj -> G:\Program Files (x86)\Microsoft Visual Studio\Source\Calculator\Debug\Calculator.exe
